2019-04-16 13:03:39.212  INFO 10540 --- [restartedMain] com.beiming.WebApplication               : Starting WebApplication on LiuFeng with PID 10540 (E:\lf-beiming\lf\lf-web\target\classes started by LiuFeng in E:\lf-beiming\lf\lf-web)
2019-04-16 13:03:39.232  INFO 10540 --- [restartedMain] com.beiming.WebApplication               : No active profile set, falling back to default profiles: default
2019-04-16 13:03:39.361  INFO 10540 --- [restartedMain] .e.DevToolsPropertyDefaultsPostProcessor : Devtools property defaults active! Set 'spring.devtools.add-properties' to 'false' to disable
2019-04-16 13:03:39.362  INFO 10540 --- [restartedMain] .e.DevToolsPropertyDefaultsPostProcessor : For additional web related logging consider setting the 'logging.level.web' property to 'DEBUG'
2019-04-16 13:03:45.344  WARN 10540 --- [restartedMain] o.m.s.mapper.ClassPathMapperScanner      : Skipping MapperFactoryBean with name 'sysUserMapper' and 'com.beiming.mapper.SysUserMapper' mapperInterface. Bean already defined with the same name!
2019-04-16 13:03:45.345  WARN 10540 --- [restartedMain] o.m.s.mapper.ClassPathMapperScanner      : Skipping MapperFactoryBean with name 'userMapper' and 'com.beiming.mapper.UserMapper' mapperInterface. Bean already defined with the same name!
2019-04-16 13:03:45.345  WARN 10540 --- [restartedMain] o.m.s.mapper.ClassPathMapperScanner      : No MyBatis mapper was found in '[com.beiming]' package. Please check your configuration.
2019-04-16 13:03:45.522  INFO 10540 --- [restartedMain] .s.d.r.c.RepositoryConfigurationDelegate : Multiple Spring Data modules found, entering strict repository configuration mode!
2019-04-16 13:03:45.546  INFO 10540 --- [restartedMain] .s.d.r.c.RepositoryConfigurationDelegate : Bootstrapping Spring Data repositories in DEFAULT mode.
2019-04-16 13:03:45.719  INFO 10540 --- [restartedMain] .s.d.r.c.RepositoryConfigurationDelegate : Finished Spring Data repository scanning in 68ms. Found 0 repository interfaces.
2019-04-16 13:03:47.128  INFO 10540 --- [restartedMain] trationDelegate$BeanPostProcessorChecker : Bean 'org.springframework.security.config.annotation.configuration.ObjectPostProcessorConfiguration' of type [org.springframework.security.config.annotation.configuration.ObjectPostProcessorConfiguration$$EnhancerBySpringCGLIB$$6146064f] is not eligible for getting processed by all BeanPostProcessors (for example: not eligible for auto-proxying)
2019-04-16 13:03:47.145  INFO 10540 --- [restartedMain] trationDelegate$BeanPostProcessorChecker : Bean 'org.springframework.transaction.annotation.ProxyTransactionManagementConfiguration' of type [org.springframework.transaction.annotation.ProxyTransactionManagementConfiguration$$EnhancerBySpringCGLIB$$c8983e15] is not eligible for getting processed by all BeanPostProcessors (for example: not eligible for auto-proxying)
2019-04-16 13:03:47.177  INFO 10540 --- [restartedMain] trationDelegate$BeanPostProcessorChecker : Bean 'objectPostProcessor' of type [org.springframework.security.config.annotation.configuration.AutowireBeanFactoryObjectPostProcessor] is not eligible for getting processed by all BeanPostProcessors (for example: not eligible for auto-proxying)
2019-04-16 13:03:47.182  INFO 10540 --- [restartedMain] trationDelegate$BeanPostProcessorChecker : Bean 'org.springframework.security.access.expression.method.DefaultMethodSecurityExpressionHandler@673b17b3' of type [org.springframework.security.access.expression.method.DefaultMethodSecurityExpressionHandler] is not eligible for getting processed by all BeanPostProcessors (for example: not eligible for auto-proxying)
2019-04-16 13:03:47.186  INFO 10540 --- [restartedMain] trationDelegate$BeanPostProcessorChecker : Bean 'org.springframework.security.config.annotation.method.configuration.GlobalMethodSecurityConfiguration' of type [org.springframework.security.config.annotation.method.configuration.GlobalMethodSecurityConfiguration$$EnhancerBySpringCGLIB$$861aa901] is not eligible for getting processed by all BeanPostProcessors (for example: not eligible for auto-proxying)
2019-04-16 13:03:47.191  INFO 10540 --- [restartedMain] trationDelegate$BeanPostProcessorChecker : Bean 'methodSecurityMetadataSource' of type [org.springframework.security.access.method.DelegatingMethodSecurityMetadataSource] is not eligible for getting processed by all BeanPostProcessors (for example: not eligible for auto-proxying)
2019-04-16 13:03:48.111  INFO 10540 --- [restartedMain] o.s.b.w.embedded.tomcat.TomcatWebServer  : Tomcat initialized with port(s): 8099 (http)
2019-04-16 13:03:48.190  INFO 10540 --- [restartedMain] o.apache.catalina.core.StandardService   : Starting service [Tomcat]
2019-04-16 13:03:48.191  INFO 10540 --- [restartedMain] org.apache.catalina.core.StandardEngine  : Starting Servlet engine: [Apache Tomcat/9.0.16]
2019-04-16 13:03:48.203  INFO 10540 --- [restartedMain] o.a.catalina.core.AprLifecycleListener   : Loaded APR based Apache Tomcat Native library [1.2.21] using APR version [1.6.5].
2019-04-16 13:03:48.203  INFO 10540 --- [restartedMain] o.a.catalina.core.AprLifecycleListener   : APR capabilities: IPv6 [true], sendfile [true], accept filters [false], random [true].
2019-04-16 13:03:48.203  INFO 10540 --- [restartedMain] o.a.catalina.core.AprLifecycleListener   : APR/OpenSSL configuration: useAprConnector [false], useOpenSSL [true]
2019-04-16 13:03:48.209  INFO 10540 --- [restartedMain] o.a.catalina.core.AprLifecycleListener   : OpenSSL successfully initialized [OpenSSL 1.1.1a  20 Nov 2018]
2019-04-16 13:03:48.395  INFO 10540 --- [restartedMain] o.a.c.c.C.[Tomcat].[localhost].[/]       : Initializing Spring embedded WebApplicationContext
2019-04-16 13:03:48.395  INFO 10540 --- [restartedMain] o.s.web.context.ContextLoader            : Root WebApplicationContext: initialization completed in 9033 ms
2019-04-16 13:03:50.210 TRACE 10540 --- [restartedMain] s.w.s.m.m.a.RequestMappingHandlerMapping : 
	c.b.c.LoginController:
	{POST /login/register}: register(RegisterRequestDTO)
	{POST /login/login}: login(LoginRequestDTO)
	{GET /login/fail}: login12()
	{GET /login/login1}: login1()
2019-04-16 13:03:50.214 TRACE 10540 --- [restartedMain] s.w.s.m.m.a.RequestMappingHandlerMapping : 
	c.b.c.UserController:
	{GET /user/admin}: getUserList()
	{GET /user/user}: getUserList1()
2019-04-16 13:03:50.214 TRACE 10540 --- [restartedMain] s.w.s.m.m.a.RequestMappingHandlerMapping : 
	c.b.h.ExceptionsHandler:
	
2019-04-16 13:03:50.220 TRACE 10540 --- [restartedMain] s.w.s.m.m.a.RequestMappingHandlerMapping : 
	s.d.s.w.ApiResourceController:
	{ /swagger-resources/configuration/security}: securityConfiguration()
	{ /swagger-resources/configuration/ui}: uiConfiguration()
	{ /swagger-resources}: swaggerResources()
2019-04-16 13:03:50.224 TRACE 10540 --- [restartedMain] s.w.s.m.m.a.RequestMappingHandlerMapping : 
	o.s.b.a.w.s.e.BasicErrorController:
	{ /error}: error(HttpServletRequest)
	{ /error, produces [text/html]}: errorHtml(HttpServletRequest,HttpServletResponse)
2019-04-16 13:03:50.232 DEBUG 10540 --- [restartedMain] s.w.s.m.m.a.RequestMappingHandlerMapping : 11 mappings in 'requestMappingHandlerMapping'
2019-04-16 13:03:52.151  INFO 10540 --- [restartedMain] pertySourcedRequestMappingHandlerMapping : Mapped URL path [/v2/api-docs] onto method [public org.springframework.http.ResponseEntity<springfox.documentation.spring.web.json.Json> springfox.documentation.swagger2.web.Swagger2Controller.getDocumentation(java.lang.String,javax.servlet.http.HttpServletRequest)]
2019-04-16 13:03:52.651  INFO 10540 --- [restartedMain] o.s.s.concurrent.ThreadPoolTaskExecutor  : Initializing ExecutorService 'applicationTaskExecutor'
2019-04-16 13:03:52.828  INFO 10540 --- [restartedMain] o.s.b.d.a.OptionalLiveReloadServer       : LiveReload server is running on port 35729
2019-04-16 13:03:52.982  INFO 10540 --- [restartedMain] t.m.m.autoconfigure.MapperCacheDisabler  : Clear tk.mybatis.mapper.util.MsUtil CLASS_CACHE cache.
2019-04-16 13:03:52.983  INFO 10540 --- [restartedMain] t.m.m.autoconfigure.MapperCacheDisabler  : Clear tk.mybatis.mapper.genid.GenIdUtil CACHE cache.
2019-04-16 13:03:52.984  INFO 10540 --- [restartedMain] t.m.m.autoconfigure.MapperCacheDisabler  : Clear tk.mybatis.mapper.version.VersionUtil CACHE cache.
2019-04-16 13:03:52.984  INFO 10540 --- [restartedMain] t.m.m.autoconfigure.MapperCacheDisabler  : Clear EntityHelper entityTableMap cache.
2019-04-16 13:03:53.881  INFO 10540 --- [restartedMain] o.s.s.web.DefaultSecurityFilterChain     : Creating filter chain: any request, [org.springframework.security.web.context.request.async.WebAsyncManagerIntegrationFilter@acbca89, org.springframework.security.web.context.SecurityContextPersistenceFilter@39944d05, org.springframework.security.web.header.HeaderWriterFilter@103c106b, org.springframework.security.web.csrf.CsrfFilter@40369185, org.springframework.security.web.authentication.logout.LogoutFilter@40c06072, org.springframework.security.web.authentication.UsernamePasswordAuthenticationFilter@298b64, org.springframework.security.web.authentication.ui.DefaultLoginPageGeneratingFilter@1fbb1077, org.springframework.security.web.authentication.ui.DefaultLogoutPageGeneratingFilter@3b9e8e98, org.springframework.security.web.authentication.www.BasicAuthenticationFilter@30e47101, org.springframework.security.web.savedrequest.RequestCacheAwareFilter@607744eb, org.springframework.security.web.servletapi.SecurityContextHolderAwareRequestFilter@7622f9e5, org.springframework.security.web.authentication.AnonymousAuthenticationFilter@1e12a4e3, org.springframework.security.web.session.SessionManagementFilter@5427e91e, org.springframework.security.web.access.ExceptionTranslationFilter@7f964128, org.springframework.security.web.access.intercept.FilterSecurityInterceptor@14a3bfb4]
2019-04-16 13:03:54.056  INFO 10540 --- [restartedMain] d.s.w.p.DocumentationPluginsBootstrapper : Context refreshed
2019-04-16 13:03:54.096  INFO 10540 --- [restartedMain] d.s.w.p.DocumentationPluginsBootstrapper : Found 1 custom documentation plugin(s)
2019-04-16 13:03:54.175  INFO 10540 --- [restartedMain] s.d.s.w.s.ApiListingReferenceScanner     : Scanning for api listing references
2019-04-16 13:03:54.505  INFO 10540 --- [restartedMain] o.s.b.w.embedded.tomcat.TomcatWebServer  : Tomcat started on port(s): 8099 (http) with context path ''
2019-04-16 13:03:54.510  INFO 10540 --- [restartedMain] com.beiming.WebApplication               : Started WebApplication in 16.566 seconds (JVM running for 19.138)
2019-04-16 13:04:37.462  INFO 10540 --- [http-nio-8099-exec-1] o.apache.tomcat.util.http.parser.Cookie  : A cookie header was received [1551230596,1551257505,1551320265] that contained an invalid cookie. That cookie will be ignored.
 Note: further occurrences of this error will be logged at DEBUG level.
2019-04-16 13:04:37.516  INFO 10540 --- [http-nio-8099-exec-1] o.a.c.c.C.[Tomcat].[localhost].[/]       : Initializing Spring DispatcherServlet 'dispatcherServlet'
2019-04-16 13:04:37.517  INFO 10540 --- [http-nio-8099-exec-1] o.s.web.servlet.DispatcherServlet        : Initializing Servlet 'dispatcherServlet'
2019-04-16 13:04:37.538  INFO 10540 --- [http-nio-8099-exec-1] o.s.web.servlet.DispatcherServlet        : Completed initialization in 20 ms
2019-04-16 13:04:56.896  INFO 10540 --- [http-nio-8099-exec-7] c.beiming.security.MyUserDetailsService  : ===============进入认证======================
2019-04-16 13:05:01.198  INFO 10540 --- [http-nio-8099-exec-7] com.zaxxer.hikari.HikariDataSource       : HikariPool-1 - Starting...
2019-04-16 13:05:09.085  INFO 10540 --- [http-nio-8099-exec-7] com.zaxxer.hikari.HikariDataSource       : HikariPool-1 - Start completed.
2019-04-16 13:05:09.144 DEBUG 10540 --- [http-nio-8099-exec-7] c.b.mapper.SysUserMapper.selectOne       : ==>  Preparing: SELECT id,username,password FROM sys_user WHERE username = ? 
2019-04-16 13:05:09.510 DEBUG 10540 --- [http-nio-8099-exec-7] c.b.mapper.SysUserMapper.selectOne       : ==> Parameters: admin(String)
2019-04-16 13:05:10.090 DEBUG 10540 --- [http-nio-8099-exec-7] c.b.mapper.SysUserMapper.selectOne       : <==      Total: 1
2019-04-16 13:05:10.711 DEBUG 10540 --- [http-nio-8099-exec-7] c.b.m.SysUserMapper.getUserPermission    : ==>  Preparing: select u.username userName, u.password password, r.name role, p.name resources from sys_user u left join sys_role_user ru on u.id=ru.sys_user_id left join sys_role r on ru.sys_role_id =r.id left join sys_permission_role pr on pr.role_id=r.id left join sys_permission p on p.id=pr.permission_id where u.id=? 
2019-04-16 13:05:10.723 DEBUG 10540 --- [http-nio-8099-exec-7] c.b.m.SysUserMapper.getUserPermission    : ==> Parameters: 1(String)
2019-04-16 13:05:11.246 DEBUG 10540 --- [http-nio-8099-exec-7] c.b.m.SysUserMapper.getUserPermission    : <==      Total: 2
